[GIN-debug] [WARNING] Running in "debug" mode. Switch to "release" mode in production.
 - using env:	export GIN_MODE=release
 - using code:	gin.SetMode(gin.ReleaseMode)

[GIN-debug] POST   /api/v1/auth/signup       --> github.com/taucuya/ppo/internal/controllers.(*Controller).SignupHandler-fm (3 handlers)
[GIN-debug] POST   /api/v1/auth/login        --> github.com/taucuya/ppo/internal/controllers.(*Controller).LoginHandler-fm (3 handlers)
[GIN-debug] POST   /api/v1/auth/logout       --> github.com/taucuya/ppo/internal/controllers.(*Controller).LogoutHandler-fm (3 handlers)
[GIN-debug] GET    /api/v1/basket/items      --> github.com/taucuya/ppo/internal/controllers.(*Controller).GetBasketItemsHandler-fm (3 handlers)
[GIN-debug] POST   /api/v1/basket            --> github.com/taucuya/ppo/internal/controllers.(*Controller).AddBasketItemHandler-fm (3 handlers)
[GIN-debug] GET    /api/v1/basket            --> github.com/taucuya/ppo/internal/controllers.(*Controller).GetBasketByIdHandler-fm (3 handlers)
[GIN-debug] DELETE /api/v1/basket            --> github.com/taucuya/ppo/internal/controllers.(*Controller).DeleteBasketItemHandler-fm (3 handlers)
[GIN-debug] PUT    /api/v1/basket            --> github.com/taucuya/ppo/internal/controllers.(*Controller).UpdateBasketItemAmountHandler-fm (3 handlers)
[GIN-debug] POST   /api/v1/brand             --> github.com/taucuya/ppo/internal/controllers.(*Controller).CreateBrandHandler-fm (3 handlers)
[GIN-debug] DELETE /api/v1/brand/:id         --> github.com/taucuya/ppo/internal/controllers.(*Controller).DeleteBrandHandler-fm (3 handlers)
[GIN-debug] GET    /api/v1/brand/:id         --> github.com/taucuya/ppo/internal/controllers.(*Controller).GetBrandByIdHandler-fm (3 handlers)
[GIN-debug] GET    /api/v1/brand/category/:cat --> github.com/taucuya/ppo/internal/controllers.(*Controller).GetAllBrandsInCategoryHander-fm (3 handlers)
[GIN-debug] POST   /api/v1/order             --> github.com/taucuya/ppo/internal/controllers.(*Controller).CreateOrderHandler-fm (3 handlers)
[GIN-debug] GET    /api/v1/order/:id/items   --> github.com/taucuya/ppo/internal/controllers.(*Controller).GetOrderItemsHandler-fm (3 handlers)
[GIN-debug] GET    /api/v1/order/freeorders  --> github.com/taucuya/ppo/internal/controllers.(*Controller).GetFreeOrdersHandler-fm (3 handlers)
[GIN-debug] GET    /api/v1/order/:id         --> github.com/taucuya/ppo/internal/controllers.(*Controller).GetOrderByIdHandler-fm (3 handlers)
[GIN-debug] PUT    /api/v1/order/:id/status  --> github.com/taucuya/ppo/internal/controllers.(*Controller).ChangeOrderStatusHandler-fm (3 handlers)
[GIN-debug] DELETE /api/v1/order/:id         --> github.com/taucuya/ppo/internal/controllers.(*Controller).DeleteOrderHandler-fm (3 handlers)
[GIN-debug] PUT    /api/v1/order/:id         --> github.com/taucuya/ppo/internal/controllers.(*Controller).AcceptOrderHandler-fm (3 handlers)
[GIN-debug] POST   /api/v1/product           --> github.com/taucuya/ppo/internal/controllers.(*Controller).CreateProductHandler-fm (3 handlers)
[GIN-debug] DELETE /api/v1/product/:id       --> github.com/taucuya/ppo/internal/controllers.(*Controller).DeleteProductHandler-fm (3 handlers)
[GIN-debug] GET    /api/v1/product/          --> github.com/taucuya/ppo/internal/controllers.(*Controller).GetProductHandler-fm (3 handlers)
[GIN-debug] GET    /api/v1/product/category/:category --> github.com/taucuya/ppo/internal/controllers.(*Controller).GetProductsByCategoryHandler-fm (3 handlers)
[GIN-debug] GET    /api/v1/product/brand/:brand --> github.com/taucuya/ppo/internal/controllers.(*Controller).GetProductsByBrandHandler-fm (3 handlers)
[GIN-debug] GET    /api/v1/product/reviews/:id --> github.com/taucuya/ppo/internal/controllers.(*Controller).GetReviewsForProductHandler-fm (3 handlers)
[GIN-debug] POST   /api/v1/review/product/:id_product --> github.com/taucuya/ppo/internal/controllers.(*Controller).CreateReviewHandler-fm (3 handlers)
[GIN-debug] GET    /api/v1/review/:id        --> github.com/taucuya/ppo/internal/controllers.(*Controller).GetReviewByIdHandler-fm (3 handlers)
[GIN-debug] DELETE /api/v1/review/:id        --> github.com/taucuya/ppo/internal/controllers.(*Controller).DeleteReviewHandler-fm (3 handlers)
[GIN-debug] GET    /api/v1/user/email        --> github.com/taucuya/ppo/internal/controllers.(*Controller).GetUserByEmailHandler-fm (3 handlers)
[GIN-debug] GET    /api/v1/user/users        --> github.com/taucuya/ppo/internal/controllers.(*Controller).GetAllUsersHandler-fm (3 handlers)
[GIN-debug] GET    /api/v1/user/phone        --> github.com/taucuya/ppo/internal/controllers.(*Controller).GetUserByPhoneHandler-fm (3 handlers)
[GIN-debug] POST   /api/v1/worker            --> github.com/taucuya/ppo/internal/controllers.(*Controller).CreateWorkerHandler-fm (3 handlers)
[GIN-debug] GET    /api/v1/worker            --> github.com/taucuya/ppo/internal/controllers.(*Controller).GetAllWorkersHandler-fm (3 handlers)
[GIN-debug] POST   /api/v1/worker/accept     --> github.com/taucuya/ppo/internal/controllers.(*Controller).AcceptOrderHandler-fm (3 handlers)
[GIN-debug] GET    /api/v1/worker/:id        --> github.com/taucuya/ppo/internal/controllers.(*Controller).GetWorkerByIdHandler-fm (3 handlers)
[GIN-debug] DELETE /api/v1/worker/:id        --> github.com/taucuya/ppo/internal/controllers.(*Controller).DeleteWorkerHandler-fm (3 handlers)
[GIN-debug] GET    /api/v1/worker/orders     --> github.com/taucuya/ppo/internal/controllers.(*Controller).GetWorkerOrders-fm (3 handlers)
2025/05/20 12:04:16 Shutting down server...
2025/05/20 12:04:16 Server exiting
[GIN-debug] [WARNING] Running in "debug" mode. Switch to "release" mode in production.
 - using env:	export GIN_MODE=release
 - using code:	gin.SetMode(gin.ReleaseMode)

[GIN-debug] POST   /api/v1/auth/signup       --> github.com/taucuya/ppo/internal/controllers.(*Controller).SignupHandler-fm (3 handlers)
[GIN-debug] POST   /api/v1/auth/login        --> github.com/taucuya/ppo/internal/controllers.(*Controller).LoginHandler-fm (3 handlers)
[GIN-debug] POST   /api/v1/auth/logout       --> github.com/taucuya/ppo/internal/controllers.(*Controller).LogoutHandler-fm (3 handlers)
[GIN-debug] GET    /api/v1/basket/items      --> github.com/taucuya/ppo/internal/controllers.(*Controller).GetBasketItemsHandler-fm (3 handlers)
[GIN-debug] POST   /api/v1/basket            --> github.com/taucuya/ppo/internal/controllers.(*Controller).AddBasketItemHandler-fm (3 handlers)
[GIN-debug] GET    /api/v1/basket            --> github.com/taucuya/ppo/internal/controllers.(*Controller).GetBasketByIdHandler-fm (3 handlers)
[GIN-debug] DELETE /api/v1/basket            --> github.com/taucuya/ppo/internal/controllers.(*Controller).DeleteBasketItemHandler-fm (3 handlers)
[GIN-debug] PUT    /api/v1/basket            --> github.com/taucuya/ppo/internal/controllers.(*Controller).UpdateBasketItemAmountHandler-fm (3 handlers)
[GIN-debug] POST   /api/v1/brand             --> github.com/taucuya/ppo/internal/controllers.(*Controller).CreateBrandHandler-fm (3 handlers)
[GIN-debug] DELETE /api/v1/brand/:id         --> github.com/taucuya/ppo/internal/controllers.(*Controller).DeleteBrandHandler-fm (3 handlers)
[GIN-debug] GET    /api/v1/brand/:id         --> github.com/taucuya/ppo/internal/controllers.(*Controller).GetBrandByIdHandler-fm (3 handlers)
[GIN-debug] GET    /api/v1/brand/category/:cat --> github.com/taucuya/ppo/internal/controllers.(*Controller).GetAllBrandsInCategoryHander-fm (3 handlers)
[GIN-debug] POST   /api/v1/order             --> github.com/taucuya/ppo/internal/controllers.(*Controller).CreateOrderHandler-fm (3 handlers)
[GIN-debug] GET    /api/v1/order/:id/items   --> github.com/taucuya/ppo/internal/controllers.(*Controller).GetOrderItemsHandler-fm (3 handlers)
[GIN-debug] GET    /api/v1/order/freeorders  --> github.com/taucuya/ppo/internal/controllers.(*Controller).GetFreeOrdersHandler-fm (3 handlers)
[GIN-debug] GET    /api/v1/order/:id         --> github.com/taucuya/ppo/internal/controllers.(*Controller).GetOrderByIdHandler-fm (3 handlers)
[GIN-debug] PUT    /api/v1/order/:id/status  --> github.com/taucuya/ppo/internal/controllers.(*Controller).ChangeOrderStatusHandler-fm (3 handlers)
[GIN-debug] DELETE /api/v1/order/:id         --> github.com/taucuya/ppo/internal/controllers.(*Controller).DeleteOrderHandler-fm (3 handlers)
[GIN-debug] PUT    /api/v1/order/:id         --> github.com/taucuya/ppo/internal/controllers.(*Controller).AcceptOrderHandler-fm (3 handlers)
[GIN-debug] POST   /api/v1/product           --> github.com/taucuya/ppo/internal/controllers.(*Controller).CreateProductHandler-fm (3 handlers)
[GIN-debug] DELETE /api/v1/product/:id       --> github.com/taucuya/ppo/internal/controllers.(*Controller).DeleteProductHandler-fm (3 handlers)
[GIN-debug] GET    /api/v1/product/          --> github.com/taucuya/ppo/internal/controllers.(*Controller).GetProductHandler-fm (3 handlers)
[GIN-debug] GET    /api/v1/product/category/:category --> github.com/taucuya/ppo/internal/controllers.(*Controller).GetProductsByCategoryHandler-fm (3 handlers)
[GIN-debug] GET    /api/v1/product/brand/:brand --> github.com/taucuya/ppo/internal/controllers.(*Controller).GetProductsByBrandHandler-fm (3 handlers)
[GIN-debug] GET    /api/v1/product/reviews/:id --> github.com/taucuya/ppo/internal/controllers.(*Controller).GetReviewsForProductHandler-fm (3 handlers)
[GIN-debug] POST   /api/v1/review/product/:id_product --> github.com/taucuya/ppo/internal/controllers.(*Controller).CreateReviewHandler-fm (3 handlers)
[GIN-debug] GET    /api/v1/review/:id        --> github.com/taucuya/ppo/internal/controllers.(*Controller).GetReviewByIdHandler-fm (3 handlers)
[GIN-debug] DELETE /api/v1/review/:id        --> github.com/taucuya/ppo/internal/controllers.(*Controller).DeleteReviewHandler-fm (3 handlers)
[GIN-debug] GET    /api/v1/user/email        --> github.com/taucuya/ppo/internal/controllers.(*Controller).GetUserByEmailHandler-fm (3 handlers)
[GIN-debug] GET    /api/v1/user/users        --> github.com/taucuya/ppo/internal/controllers.(*Controller).GetAllUsersHandler-fm (3 handlers)
[GIN-debug] GET    /api/v1/user/phone        --> github.com/taucuya/ppo/internal/controllers.(*Controller).GetUserByPhoneHandler-fm (3 handlers)
[GIN-debug] POST   /api/v1/worker            --> github.com/taucuya/ppo/internal/controllers.(*Controller).CreateWorkerHandler-fm (3 handlers)
[GIN-debug] GET    /api/v1/worker            --> github.com/taucuya/ppo/internal/controllers.(*Controller).GetAllWorkersHandler-fm (3 handlers)
[GIN-debug] POST   /api/v1/worker/accept     --> github.com/taucuya/ppo/internal/controllers.(*Controller).AcceptOrderHandler-fm (3 handlers)
[GIN-debug] GET    /api/v1/worker/:id        --> github.com/taucuya/ppo/internal/controllers.(*Controller).GetWorkerByIdHandler-fm (3 handlers)
[GIN-debug] DELETE /api/v1/worker/:id        --> github.com/taucuya/ppo/internal/controllers.(*Controller).DeleteWorkerHandler-fm (3 handlers)
[GIN-debug] GET    /api/v1/worker/orders     --> github.com/taucuya/ppo/internal/controllers.(*Controller).GetWorkerOrders-fm (3 handlers)
[GIN] 2025/05/20 - 12:06:14 | 201 |  215.802954ms |       127.0.0.1 | POST     "/api/v1/auth/signup"
[GIN] 2025/05/20 - 12:06:30 | 200 |  167.000005ms |       127.0.0.1 | POST     "/api/v1/auth/login"
2025/05/20 13:12:51 Shutting down server...
2025/05/20 13:12:51 Server exiting
[GIN-debug] [WARNING] Running in "debug" mode. Switch to "release" mode in production.
 - using env:	export GIN_MODE=release
 - using code:	gin.SetMode(gin.ReleaseMode)

[GIN-debug] POST   /api/v1/auth/signup       --> github.com/taucuya/ppo/internal/controllers.(*Controller).SignupHandler-fm (3 handlers)
[GIN-debug] POST   /api/v1/auth/login        --> github.com/taucuya/ppo/internal/controllers.(*Controller).LoginHandler-fm (3 handlers)
[GIN-debug] POST   /api/v1/auth/logout       --> github.com/taucuya/ppo/internal/controllers.(*Controller).LogoutHandler-fm (3 handlers)
[GIN-debug] GET    /api/v1/basket/items      --> github.com/taucuya/ppo/internal/controllers.(*Controller).GetBasketItemsHandler-fm (3 handlers)
[GIN-debug] POST   /api/v1/basket            --> github.com/taucuya/ppo/internal/controllers.(*Controller).AddBasketItemHandler-fm (3 handlers)
[GIN-debug] GET    /api/v1/basket            --> github.com/taucuya/ppo/internal/controllers.(*Controller).GetBasketByIdHandler-fm (3 handlers)
[GIN-debug] DELETE /api/v1/basket            --> github.com/taucuya/ppo/internal/controllers.(*Controller).DeleteBasketItemHandler-fm (3 handlers)
[GIN-debug] PUT    /api/v1/basket            --> github.com/taucuya/ppo/internal/controllers.(*Controller).UpdateBasketItemAmountHandler-fm (3 handlers)
[GIN-debug] POST   /api/v1/brand             --> github.com/taucuya/ppo/internal/controllers.(*Controller).CreateBrandHandler-fm (3 handlers)
[GIN-debug] DELETE /api/v1/brand/:id         --> github.com/taucuya/ppo/internal/controllers.(*Controller).DeleteBrandHandler-fm (3 handlers)
[GIN-debug] GET    /api/v1/brand/:id         --> github.com/taucuya/ppo/internal/controllers.(*Controller).GetBrandByIdHandler-fm (3 handlers)
[GIN-debug] GET    /api/v1/brand/category/:cat --> github.com/taucuya/ppo/internal/controllers.(*Controller).GetAllBrandsInCategoryHander-fm (3 handlers)
[GIN-debug] POST   /api/v1/order             --> github.com/taucuya/ppo/internal/controllers.(*Controller).CreateOrderHandler-fm (3 handlers)
[GIN-debug] GET    /api/v1/order/:id/items   --> github.com/taucuya/ppo/internal/controllers.(*Controller).GetOrderItemsHandler-fm (3 handlers)
[GIN-debug] GET    /api/v1/order/freeorders  --> github.com/taucuya/ppo/internal/controllers.(*Controller).GetFreeOrdersHandler-fm (3 handlers)
[GIN-debug] GET    /api/v1/order/:id         --> github.com/taucuya/ppo/internal/controllers.(*Controller).GetOrderByIdHandler-fm (3 handlers)
[GIN-debug] PUT    /api/v1/order/:id/status  --> github.com/taucuya/ppo/internal/controllers.(*Controller).ChangeOrderStatusHandler-fm (3 handlers)
[GIN-debug] DELETE /api/v1/order/:id         --> github.com/taucuya/ppo/internal/controllers.(*Controller).DeleteOrderHandler-fm (3 handlers)
[GIN-debug] PUT    /api/v1/order/:id         --> github.com/taucuya/ppo/internal/controllers.(*Controller).AcceptOrderHandler-fm (3 handlers)
[GIN-debug] POST   /api/v1/product           --> github.com/taucuya/ppo/internal/controllers.(*Controller).CreateProductHandler-fm (3 handlers)
[GIN-debug] DELETE /api/v1/product/:id       --> github.com/taucuya/ppo/internal/controllers.(*Controller).DeleteProductHandler-fm (3 handlers)
[GIN-debug] GET    /api/v1/product/          --> github.com/taucuya/ppo/internal/controllers.(*Controller).GetProductHandler-fm (3 handlers)
[GIN-debug] GET    /api/v1/product/category/:category --> github.com/taucuya/ppo/internal/controllers.(*Controller).GetProductsByCategoryHandler-fm (3 handlers)
[GIN-debug] GET    /api/v1/product/brand/:brand --> github.com/taucuya/ppo/internal/controllers.(*Controller).GetProductsByBrandHandler-fm (3 handlers)
[GIN-debug] GET    /api/v1/product/reviews/:id --> github.com/taucuya/ppo/internal/controllers.(*Controller).GetReviewsForProductHandler-fm (3 handlers)
[GIN-debug] POST   /api/v1/review/product/:id_product --> github.com/taucuya/ppo/internal/controllers.(*Controller).CreateReviewHandler-fm (3 handlers)
[GIN-debug] GET    /api/v1/review/:id        --> github.com/taucuya/ppo/internal/controllers.(*Controller).GetReviewByIdHandler-fm (3 handlers)
[GIN-debug] DELETE /api/v1/review/:id        --> github.com/taucuya/ppo/internal/controllers.(*Controller).DeleteReviewHandler-fm (3 handlers)
[GIN-debug] GET    /api/v1/user/email        --> github.com/taucuya/ppo/internal/controllers.(*Controller).GetUserByEmailHandler-fm (3 handlers)
[GIN-debug] GET    /api/v1/user/users        --> github.com/taucuya/ppo/internal/controllers.(*Controller).GetAllUsersHandler-fm (3 handlers)
[GIN-debug] GET    /api/v1/user/phone        --> github.com/taucuya/ppo/internal/controllers.(*Controller).GetUserByPhoneHandler-fm (3 handlers)
[GIN-debug] POST   /api/v1/worker            --> github.com/taucuya/ppo/internal/controllers.(*Controller).CreateWorkerHandler-fm (3 handlers)
[GIN-debug] GET    /api/v1/worker            --> github.com/taucuya/ppo/internal/controllers.(*Controller).GetAllWorkersHandler-fm (3 handlers)
[GIN-debug] POST   /api/v1/worker/accept     --> github.com/taucuya/ppo/internal/controllers.(*Controller).AcceptOrderHandler-fm (3 handlers)
[GIN-debug] GET    /api/v1/worker/:id        --> github.com/taucuya/ppo/internal/controllers.(*Controller).GetWorkerByIdHandler-fm (3 handlers)
[GIN-debug] DELETE /api/v1/worker/:id        --> github.com/taucuya/ppo/internal/controllers.(*Controller).DeleteWorkerHandler-fm (3 handlers)
[GIN-debug] GET    /api/v1/worker/orders     --> github.com/taucuya/ppo/internal/controllers.(*Controller).GetWorkerOrders-fm (3 handlers)
[GIN] 2025/05/20 - 13:13:20 | 201 |  163.616738ms |       127.0.0.1 | POST     "/api/v1/auth/signup"
[GIN] 2025/05/20 - 13:13:30 | 200 |   239.29334ms |       127.0.0.1 | POST     "/api/v1/auth/login"
2025/05/20 13:14:01 [ERROR] Cant parse date: parsing time "1" as "2006-01-02": cannot parse "1" as "2006"
[GIN] 2025/05/20 - 13:14:01 | 400 |     180.333µs |       127.0.0.1 | POST     "/api/v1/auth/signup"
2025/05/20 13:14:19 Shutting down server...
2025/05/20 13:14:19 Server exiting
